# JRE version: Java(TM) SE Runtime Environment (21.0.1+12) (build 21.0.1+12-LTS-29)
# Java VM: Java HotSpot(TM) 64-Bit Server VM (21.0.1+12-LTS-29, mixed mode, sharing, tiered, compressed oops, compressed class ptrs, g1 gc, windows-amd64)
GC Precious Log:
 CardTable entry size: 512
 Card Set container configuration: InlinePtr #cards 5 size 8 Array Of Cards #cards 12 size 40 Howl #buckets 4 coarsen threshold 1843 Howl Bitmap #cards 512 size 80 coarsen threshold 460 Card regions per heap region 1 cards per card region 2048
 CPUs: 16 total, 16 available
 Memory: 7860M
 Large Page Support: Disabled
 NUMA Support: Disabled
 Compressed Oops: Enabled (32-bit)
 Heap Region Size: 1M
 Heap Min Capacity: 8M
 Heap Initial Capacity: 8M
 Heap Max Capacity: 1966M
 Pre-touch: Disabled
 Parallel Workers: 13
 Concurrent Workers: 3
 Concurrent Refinement Workers: 13
 Periodic GC: Disabled
Heap:
 garbage-first heap   total 36864K, used 17484K [0x0000000085200000, 0x0000000100000000)
  region size 1024K, 6 young (6144K), 1 survivors (1024K)
 Metaspace       used 12094K, committed 12352K, reserved 1114112K
  class space    used 1268K, committed 1408K, reserved 1048576K
GC Heap History (20 events):
Event: 0.436 GC heap before
{Heap before GC invocations=7 (full 0):
 garbage-first heap   total 10240K, used 5979K [0x0000000085200000, 0x0000000100000000)
  region size 1024K, 3 young (3072K), 1 survivors (1024K)
 Metaspace       used 9098K, committed 9280K, reserved 1114112K
  class space    used 994K, committed 1088K, reserved 1048576K
}
Event: 0.439 GC heap after
{Heap after GC invocations=8 (full 0):
 garbage-first heap   total 10240K, used 4931K [0x0000000085200000, 0x0000000100000000)
  region size 1024K, 1 young (1024K), 1 survivors (1024K)
 Metaspace       used 9098K, committed 9280K, reserved 1114112K
  class space    used 994K, committed 1088K, reserved 1048576K
}
Event: 0.470 GC heap before
{Heap before GC invocations=8 (full 0):
 garbage-first heap   total 10240K, used 6979K [0x0000000085200000, 0x0000000100000000)
  region size 1024K, 3 young (3072K), 1 survivors (1024K)
 Metaspace       used 9275K, committed 9408K, reserved 1114112K
  class space    used 1014K, committed 1088K, reserved 1048576K
}
Event: 0.472 GC heap after
{Heap after GC invocations=9 (full 0):
 garbage-first heap   total 15360K, used 5375K [0x0000000085200000, 0x0000000100000000)
  region size 1024K, 1 young (1024K), 1 survivors (1024K)
 Metaspace       used 9275K, committed 9408K, reserved 1114112K
  class space    used 1014K, committed 1088K, reserved 1048576K
}
Event: 0.516 GC heap before
{Heap before GC invocations=9 (full 0):
 garbage-first heap   total 15360K, used 9471K [0x0000000085200000, 0x0000000100000000)
  region size 1024K, 5 young (5120K), 1 survivors (1024K)
 Metaspace       used 9482K, committed 9600K, reserved 1114112K
  class space    used 1035K, committed 1088K, reserved 1048576K
}
Event: 0.517 GC heap after
{Heap after GC invocations=10 (full 0):
 garbage-first heap   total 15360K, used 5845K [0x0000000085200000, 0x0000000100000000)
  region size 1024K, 1 young (1024K), 1 survivors (1024K)
 Metaspace       used 9482K, committed 9600K, reserved 1114112K
  class space    used 1035K, committed 1088K, reserved 1048576K
}
Event: 0.529 GC heap before
{Heap before GC invocations=10 (full 0):
 garbage-first heap   total 15360K, used 10965K [0x0000000085200000, 0x0000000100000000)
  region size 1024K, 6 young (6144K), 1 survivors (1024K)
 Metaspace       used 9514K, committed 9664K, reserved 1114112K
  class space    used 1037K, committed 1088K, reserved 1048576K
}
Event: 0.531 GC heap after
{Heap after GC invocations=11 (full 0):
 garbage-first heap   total 15360K, used 6523K [0x0000000085200000, 0x0000000100000000)
  region size 1024K, 1 young (1024K), 1 survivors (1024K)
 Metaspace       used 9514K, committed 9664K, reserved 1114112K
  class space    used 1037K, committed 1088K, reserved 1048576K
}
Event: 0.570 GC heap before
{Heap before GC invocations=11 (full 0):
 garbage-first heap   total 15360K, used 10619K [0x0000000085200000, 0x0000000100000000)
  region size 1024K, 5 young (5120K), 1 survivors (1024K)
 Metaspace       used 9632K, committed 9792K, reserved 1114112K
  class space    used 1049K, committed 1088K, reserved 1048576K
}
Event: 0.572 GC heap after
{Heap after GC invocations=12 (full 0):
 garbage-first heap   total 15360K, used 7405K [0x0000000085200000, 0x0000000100000000)
  region size 1024K, 1 young (1024K), 1 survivors (1024K)
 Metaspace       used 9632K, committed 9792K, reserved 1114112K
  class space    used 1049K, committed 1088K, reserved 1048576K
}
Event: 0.581 GC heap before
{Heap before GC invocations=12 (full 0):
 garbage-first heap   total 15360K, used 10477K [0x0000000085200000, 0x0000000100000000)
  region size 1024K, 5 young (5120K), 1 survivors (1024K)
 Metaspace       used 9639K, committed 9792K, reserved 1114112K
  class space    used 1049K, committed 1088K, reserved 1048576K
}
Event: 0.583 GC heap after
{Heap after GC invocations=13 (full 0):
 garbage-first heap   total 29696K, used 8085K [0x0000000085200000, 0x0000000100000000)
  region size 1024K, 1 young (1024K), 1 survivors (1024K)
 Metaspace       used 9639K, committed 9792K, reserved 1114112K
  class space    used 1049K, committed 1088K, reserved 1048576K
}
Event: 0.748 GC heap before
{Heap before GC invocations=14 (full 0):
 garbage-first heap   total 29696K, used 21397K [0x0000000085200000, 0x0000000100000000)
  region size 1024K, 13 young (13312K), 1 survivors (1024K)
 Metaspace       used 10953K, committed 11136K, reserved 1114112K
  class space    used 1200K, committed 1280K, reserved 1048576K
}
Event: 0.751 GC heap after
{Heap after GC invocations=15 (full 0):
 garbage-first heap   total 29696K, used 10952K [0x0000000085200000, 0x0000000100000000)
  region size 1024K, 2 young (2048K), 2 survivors (2048K)
 Metaspace       used 10953K, committed 11136K, reserved 1114112K
  class space    used 1200K, committed 1280K, reserved 1048576K
}
Event: 0.930 GC heap before
{Heap before GC invocations=15 (full 0):
 garbage-first heap   total 29696K, used 21192K [0x0000000085200000, 0x0000000100000000)
  region size 1024K, 12 young (12288K), 2 survivors (2048K)
 Metaspace       used 11792K, committed 12096K, reserved 1114112K
  class space    used 1252K, committed 1408K, reserved 1048576K
}
Event: 0.937 GC heap after
{Heap after GC invocations=16 (full 0):
 garbage-first heap   total 29696K, used 12400K [0x0000000085200000, 0x0000000100000000)
  region size 1024K, 2 young (2048K), 2 survivors (2048K)
 Metaspace       used 11792K, committed 12096K, reserved 1114112K
  class space    used 1252K, committed 1408K, reserved 1048576K
}
Event: 1.012 GC heap before
{Heap before GC invocations=16 (full 0):
 garbage-first heap   total 29696K, used 21616K [0x0000000085200000, 0x0000000100000000)
  region size 1024K, 11 young (11264K), 2 survivors (2048K)
 Metaspace       used 11947K, committed 12224K, reserved 1114112K
  class space    used 1258K, committed 1408K, reserved 1048576K
}
Event: 1.014 GC heap after
{Heap after GC invocations=17 (full 0):
 garbage-first heap   total 29696K, used 13065K [0x0000000085200000, 0x0000000100000000)
  region size 1024K, 1 young (1024K), 1 survivors (1024K)
 Metaspace       used 11947K, committed 12224K, reserved 1114112K
  class space    used 1258K, committed 1408K, reserved 1048576K
}
Event: 1.066 GC heap before
{Heap before GC invocations=17 (full 0):
 garbage-first heap   total 29696K, used 23305K [0x0000000085200000, 0x0000000100000000)
  region size 1024K, 11 young (11264K), 1 survivors (1024K)
 Metaspace       used 12068K, committed 12352K, reserved 1114112K
  class space    used 1268K, committed 1408K, reserved 1048576K
}
Event: 1.067 GC heap after
{Heap after GC invocations=18 (full 0):
 garbage-first heap   total 36864K, used 13388K [0x0000000085200000, 0x0000000100000000)
  region size 1024K, 1 young (1024K), 1 survivors (1024K)
 Metaspace       used 12068K, committed 12352K, reserved 1114112K
  class space    used 1268K, committed 1408K, reserved 1048576K
}

